<?xml version="1.0" encoding="UTF-8"?>
<!-- Generated by org.testng.reporters.JUnitReportReporter -->
<testsuite hostname="DESKTOP-2CJ4JG5" failures="0" tests="3" name="testNGdiasabletestcases.usingExcludekeyword" time="0.039" errors="0" timestamp="2022-11-09T12:13:20 GMT-08:00" skipped="0">
  <testcase classname="testNGdiasabletestcases.usingExcludekeyword" name="a2" time="0.010"/>
  <system-out>
    <![CDATA[test case 2 ]]>
  </system-out>
  <testcase classname="testNGdiasabletestcases.usingExcludekeyword" name="a1" time="0.021"/>
  <system-out>
    <![CDATA[test case 1 ]]>
  </system-out>
  <testcase classname="testNGdiasabletestcases.usingExcludekeyword" name="a5" time="0.008"/>
  <system-out>
    <![CDATA[test case 5 ]]>
  </system-out>
</testsuite> <!-- testNGdiasabletestcases.usingExcludekeyword -->
