<?xml version="1.0" encoding="UTF-8"?>
<!-- Generated by org.testng.reporters.JUnitReportReporter -->
<testsuite hostname="DESKTOP-2CJ4JG5" failures="0" tests="1" name="testNG_POM_DDF_BASE_UTILITY.TestClass" time="0.020" errors="0" timestamp="2022-11-13T16:07:21 GMT-08:00" skipped="0">
  <testcase classname="testNG_POM_DDF_BASE_UTILITY.TestClass" name="verifyuser" time="0.020"/>
  <system-out/>
</testsuite> <!-- testNG_POM_DDF_BASE_UTILITY.TestClass -->
