<?xml version="1.0" encoding="UTF-8"?>
<!-- Generated by org.testng.reporters.JUnitReportReporter -->
<testsuite hostname="DESKTOP-2CJ4JG5" failures="0" tests="1" name="testNGparalleltesting.paralleltestingtestcase2" time="31.699" errors="0" timestamp="2022-11-16T13:39:19 GMT-08:00" skipped="0">
  <testcase classname="testNGparalleltesting.paralleltestingtestcase2" name="x1" time="31.699"/>
  <system-out/>
</testsuite> <!-- testNGparalleltesting.paralleltestingtestcase2 -->
