<?xml version="1.0" encoding="UTF-8"?>
<!-- Generated by org.testng.reporters.JUnitReportReporter -->
<testsuite hostname="DESKTOP-2CJ4JG5" failures="0" tests="1" name="testNGmultibrowsing.FBcompability" time="14.323" errors="0" timestamp="2022-11-19T09:09:41 GMT-08:00" skipped="0">
  <testcase classname="testNGmultibrowsing.FBcompability" name="m1" time="14.323"/>
  <system-out/>
</testsuite> <!-- testNGmultibrowsing.FBcompability -->
