<?xml version="1.0" encoding="UTF-8"?>
<!-- Generated by org.testng.reporters.JUnitReportReporter -->
<testsuite hostname="DESKTOP-2CJ4JG5" failures="0" tests="2" name="testNGdiasabletestcases.IncludeTestcase1" time="0.026" errors="0" timestamp="2022-11-19T08:24:59 GMT-08:00" skipped="0">
  <testcase classname="testNGdiasabletestcases.IncludeTestcase1" name="k4" time="0.004"/>
  <system-out>
    <![CDATA[jh4 report]]>
  </system-out>
  <testcase classname="testNGdiasabletestcases.IncludeTestcase1" name="k3" time="0.022"/>
  <system-out/>
</testsuite> <!-- testNGdiasabletestcases.IncludeTestcase1 -->
