<?xml version="1.0" encoding="UTF-8"?>
<!-- Generated by org.testng.reporters.JUnitReportReporter -->
<testsuite hostname="DESKTOP-2CJ4JG5" failures="0" tests="3" name="testNGgrouping.groupinglogout" time="0.023" errors="0" timestamp="2022-11-19T09:03:57 GMT-08:00" skipped="0">
  <testcase classname="testNGgrouping.groupinglogout" name="a2" time="0.003"/>
  <system-out>
    <![CDATA[test case logout 2]]>
  </system-out>
  <testcase classname="testNGgrouping.groupinglogout" name="a1" time="0.018"/>
  <system-out>
    <![CDATA[test case logout 1 ]]>
  </system-out>
  <testcase classname="testNGgrouping.groupinglogout" name="a5" time="0.002"/>
  <system-out>
    <![CDATA[test case logout 5 ]]>
  </system-out>
</testsuite> <!-- testNGgrouping.groupinglogout -->
