<?xml version="1.0" encoding="UTF-8"?>
<!-- Generated by org.testng.reporters.JUnitReportReporter -->
<testsuite hostname="DESKTOP-2CJ4JG5" failures="0" tests="1" name="testNGparalleltesting.firefoxbrowseropens" time="47.034" errors="0" timestamp="2022-11-16T10:51:31 GMT-08:00" skipped="0">
  <testcase classname="testNGparalleltesting.firefoxbrowseropens" name="tc1" time="47.034"/>
  <system-out/>
</testsuite> <!-- testNGparalleltesting.firefoxbrowseropens -->
