<?xml version="1.0" encoding="UTF-8"?>
<!-- Generated by org.testng.reporters.JUnitReportReporter -->
<testsuite hostname="DESKTOP-2CJ4JG5" failures="0" tests="2" name="TestNGsuits.script13" time="0.006" errors="0" timestamp="2022-11-08T13:19:46 GMT-08:00" skipped="0">
  <testcase classname="TestNGsuits.script13" name="m5" time="0.003"/>
  <system-out>
    <![CDATA[test case 5 perform]]>
  </system-out>
  <testcase classname="TestNGsuits.script13" name="m6" time="0.003"/>
  <system-out>
    <![CDATA[test case 6 perform]]>
  </system-out>
</testsuite> <!-- TestNGsuits.script13 -->
