<?xml version="1.0" encoding="UTF-8"?>
<!-- Generated by org.testng.reporters.JUnitReportReporter -->
<testsuite hostname="DESKTOP-2CJ4JG5" failures="0" tests="2" name="testNGdiasabletestcases.Excludetestcases1" time="0.028" errors="0" timestamp="2022-11-19T07:56:43 GMT-08:00" skipped="0">
  <testcase classname="testNGdiasabletestcases.Excludetestcases1" name="z4" time="0.003"/>
  <system-out>
    <![CDATA[a4 report]]>
  </system-out>
  <testcase classname="testNGdiasabletestcases.Excludetestcases1" name="z1" time="0.025"/>
  <system-out>
    <![CDATA[a1 report]]>
  </system-out>
</testsuite> <!-- testNGdiasabletestcases.Excludetestcases1 -->
