<?xml version="1.0" encoding="UTF-8"?>
<!-- Generated by org.testng.reporters.JUnitReportReporter -->
<testsuite hostname="DESKTOP-2CJ4JG5" failures="0" tests="2" name="testNGfailedtestcaseexcuetion.failedtestclass" time="0.024" errors="0" timestamp="2022-11-08T10:10:11 GMT-08:00" skipped="0">
  <testcase classname="testNGfailedtestcaseexcuetion.failedtestclass" name="m3" time="0.021"/>
  <system-out>
    <![CDATA[test case m3..]]>
  </system-out>
  <testcase classname="testNGfailedtestcaseexcuetion.failedtestclass" name="m4" time="0.003"/>
  <system-out>
    <![CDATA[test case m4..]]>
  </system-out>
</testsuite> <!-- testNGfailedtestcaseexcuetion.failedtestclass -->
