<?xml version="1.0" encoding="UTF-8"?>
<!-- Generated by org.testng.reporters.JUnitReportReporter -->
<testsuite hostname="DESKTOP-2CJ4JG5" failures="0" tests="2" name="testNGfailedtestcaseexcuetion.failtestcases" time="0.028" errors="0" timestamp="2022-11-08T13:33:15 GMT-08:00" skipped="0">
  <testcase classname="testNGfailedtestcaseexcuetion.failtestcases" name="m3" time="0.026"/>
  <system-out>
    <![CDATA[test case 3 pass]]>
  </system-out>
  <testcase classname="testNGfailedtestcaseexcuetion.failtestcases" name="m4" time="0.002"/>
  <system-out>
    <![CDATA[test case 4 pass]]>
  </system-out>
</testsuite> <!-- testNGfailedtestcaseexcuetion.failtestcases -->
