<?xml version="1.0" encoding="UTF-8"?>
<!-- Generated by org.testng.reporters.JUnitReportReporter -->
<testsuite hostname="DESKTOP-2CJ4JG5" failures="0" tests="3" name="testNGgrouping.groupinglogintestcases" time="0.008" errors="0" timestamp="2022-11-10T14:12:51 GMT-08:00" skipped="0">
  <testcase classname="testNGgrouping.groupinglogintestcases" name="a5" time="0.002"/>
  <system-out>
    <![CDATA[test case login 5]]>
  </system-out>
  <testcase classname="testNGgrouping.groupinglogintestcases" name="a2" time="0.003"/>
  <system-out>
    <![CDATA[test case login 2]]>
  </system-out>
  <testcase classname="testNGgrouping.groupinglogintestcases" name="a1" time="0.003"/>
  <system-out>
    <![CDATA[test case login 1]]>
  </system-out>
</testsuite> <!-- testNGgrouping.groupinglogintestcases -->
