<?xml version="1.0" encoding="UTF-8"?>
<!-- Generated by org.testng.reporters.JUnitReportReporter -->
<testsuite hostname="DESKTOP-2CJ4JG5" failures="0" tests="2" name="TestNGsuits.Script11" time="0.026" errors="0" timestamp="2022-11-08T13:35:37 GMT-08:00" skipped="0">
  <testcase classname="TestNGsuits.Script11" name="m1" time="0.021"/>
  <system-out>
    <![CDATA[test case 1 perform]]>
  </system-out>
  <testcase classname="TestNGsuits.Script11" name="m2" time="0.005"/>
  <system-out>
    <![CDATA[test case 2 perform]]>
  </system-out>
</testsuite> <!-- TestNGsuits.Script11 -->
