<?xml version="1.0" encoding="UTF-8"?>
<!-- Generated by org.testng.reporters.JUnitReportReporter -->
<testsuite hostname="DESKTOP-2CJ4JG5" failures="0" tests="2" name="testNGdiasabletestcases.usingIncludekeyword" time="0.023" errors="0" timestamp="2022-11-09T12:27:40 GMT-08:00" skipped="0">
  <testcase classname="testNGdiasabletestcases.usingIncludekeyword" name="z3" time="0.020"/>
  <system-out>
    <![CDATA[test z3]]>
  </system-out>
  <testcase classname="testNGdiasabletestcases.usingIncludekeyword" name="z4" time="0.003"/>
  <system-out>
    <![CDATA[test z4]]>
  </system-out>
</testsuite> <!-- testNGdiasabletestcases.usingIncludekeyword -->
