<?xml version="1.0" encoding="UTF-8"?>
<!-- Generated by org.testng.reporters.JUnitReportReporter -->
<testsuite hostname="DESKTOP-2CJ4JG5" failures="0" tests="2" name="testNGAnnotation.AlltestNGannotation" time="0.021" errors="0" timestamp="2022-11-19T07:22:53 GMT-08:00" skipped="0">
  <testcase classname="testNGAnnotation.AlltestNGannotation" name="m4" time="0.016"/>
  <system-out>
    <![CDATA[verify the  1st user]]>
  </system-out>
  <testcase classname="testNGAnnotation.AlltestNGannotation" name="m5" time="0.005"/>
  <system-out>
    <![CDATA[Verify the 2nd user]]>
  </system-out>
</testsuite> <!-- testNGAnnotation.AlltestNGannotation -->
