<?xml version="1.0" encoding="UTF-8"?>
<!-- Generated by org.testng.reporters.JUnitReportReporter -->
<testsuite hostname="DESKTOP-2CJ4JG5" failures="0" tests="3" name="testNGgrouping.GroupingTC1" time="0.026" errors="0" timestamp="2022-11-19T09:03:57 GMT-08:00" skipped="0">
  <testcase classname="testNGgrouping.GroupingTC1" name="a4" time="0.012"/>
  <system-out>
    <![CDATA[login related tc 4 ]]>
  </system-out>
  <testcase classname="testNGgrouping.GroupingTC1" name="az2" time="0.003"/>
  <system-out>
    <![CDATA[login related tc 2 ]]>
  </system-out>
  <testcase classname="testNGgrouping.GroupingTC1" name="az" time="0.011"/>
  <system-out>
    <![CDATA[login related tc ]]>
  </system-out>
</testsuite> <!-- testNGgrouping.GroupingTC1 -->
