<?xml version="1.0" encoding="UTF-8"?>
<!-- Generated by org.testng.reporters.JUnitReportReporter -->
<testsuite hostname="DESKTOP-2CJ4JG5" failures="0" tests="2" name="TestNGsuits.Script12" time="0.008" errors="0" timestamp="2022-11-08T13:19:46 GMT-08:00" skipped="0">
  <testcase classname="TestNGsuits.Script12" name="m3" time="0.004"/>
  <system-out>
    <![CDATA[test case 3 perform]]>
  </system-out>
  <testcase classname="TestNGsuits.Script12" name="m4" time="0.004"/>
  <system-out>
    <![CDATA[test case 4 perform]]>
  </system-out>
</testsuite> <!-- TestNGsuits.Script12 -->
