<?xml version="1.0" encoding="UTF-8"?>
<!-- Generated by org.testng.reporters.JUnitReportReporter -->
<testsuite hostname="DESKTOP-2CJ4JG5" failures="0" tests="2" name="testNG.examplewithtestNG" time="0.029" errors="0" timestamp="2022-11-16T10:33:21 GMT-08:00" skipped="0">
  <testcase classname="testNG.examplewithtestNG" name="m2" time="0.003"/>
  <system-out>
    <![CDATA[vishal kanase]]>
  </system-out>
  <testcase classname="testNG.examplewithtestNG" name="m1" time="0.026"/>
  <system-out>
    <![CDATA[akshay kanase]]>
  </system-out>
</testsuite> <!-- testNG.examplewithtestNG -->
